[02Nov2024 23:14:54.547] [main/DEBUG] [io.netty.util.internal.logging.InternalLoggerFactory/]: Using SLF4J as the default logging framework
[02Nov2024 23:14:54.551] [main/DEBUG] [io.netty.util.ResourceLeakDetector/]: -Dio.netty.leakDetection.level: simple
[02Nov2024 23:14:54.552] [main/DEBUG] [io.netty.util.ResourceLeakDetector/]: -Dio.netty.leakDetection.targetRecords: 4
[02Nov2024 23:14:55.141] [main/DEBUG] [oshi.util.FileUtil/]: No oshi.properties file found from ClassLoader cpw.mods.modlauncher.TransformingClassLoader@9b21bd3
[02Nov2024 23:14:55.423] [Datafixer Bootstrap/INFO] [com.mojang.datafixers.DataFixerBuilder/]: 240 Datafixer optimizations took 307 milliseconds
[02Nov2024 23:14:55.488] [main/DEBUG] [oshi.util.FileUtil/]: No oshi.architecture.properties file found from ClassLoader cpw.mods.modlauncher.TransformingClassLoader@9b21bd3
[02Nov2024 23:14:55.575] [pool-7-thread-1/INFO] [MixinExtras|Service/]: Initializing MixinExtras via com.llamalad7.mixinextras.service.MixinExtrasServiceImpl(version=0.4.1).
[02Nov2024 23:14:55.576] [pool-7-thread-1/DEBUG] [mixin/]: Registering new injector for @SugarWrapper with com.llamalad7.mixinextras.sugar.impl.SugarWrapperInjectionInfo
[02Nov2024 23:14:55.577] [pool-7-thread-1/DEBUG] [mixin/]: Registering new injector for @FactoryRedirectWrapper with com.llamalad7.mixinextras.wrapper.factory.FactoryRedirectWrapperInjectionInfo
[02Nov2024 23:14:55.580] [pool-7-thread-1/DEBUG] [mixin/]: Mixing MappedRegistryAccessor from neoforge.mixins.json into net.minecraft.core.MappedRegistry
[02Nov2024 23:14:56.326] [pool-7-thread-1/DEBUG] [mixin/]: Mixing BlockEntityTypeAccessor from neoforge.mixins.json into net.minecraft.world.level.block.entity.BlockEntityType
[02Nov2024 23:14:57.582] [pool-7-thread-1/DEBUG] [io.netty.util.internal.PlatformDependent0/]: -Dio.netty.noUnsafe: false
[02Nov2024 23:14:57.582] [pool-7-thread-1/DEBUG] [io.netty.util.internal.PlatformDependent0/]: Java version: 21
[02Nov2024 23:14:57.583] [pool-7-thread-1/DEBUG] [io.netty.util.internal.PlatformDependent0/]: sun.misc.Unsafe.theUnsafe: available
[02Nov2024 23:14:57.584] [pool-7-thread-1/DEBUG] [io.netty.util.internal.PlatformDependent0/]: sun.misc.Unsafe.copyMemory: available
[02Nov2024 23:14:57.584] [pool-7-thread-1/DEBUG] [io.netty.util.internal.PlatformDependent0/]: sun.misc.Unsafe.storeFence: available
[02Nov2024 23:14:57.584] [pool-7-thread-1/DEBUG] [io.netty.util.internal.PlatformDependent0/]: java.nio.Buffer.address: available
[02Nov2024 23:14:57.586] [pool-7-thread-1/DEBUG] [io.netty.util.internal.PlatformDependent0/]: java.nio.Bits.unaligned: available, true
[02Nov2024 23:14:57.587] [pool-7-thread-1/DEBUG] [io.netty.util.internal.PlatformDependent0/]: java.nio.DirectByteBuffer.<init>(long, {int,long}): unavailable
[02Nov2024 23:14:57.587] [pool-7-thread-1/DEBUG] [io.netty.util.internal.PlatformDependent/]: sun.misc.Unsafe: available
[02Nov2024 23:14:57.588] [pool-7-thread-1/DEBUG] [io.netty.util.internal.PlatformDependent/]: maxDirectMemory: 4294967296 bytes (maybe)
[02Nov2024 23:14:57.588] [pool-7-thread-1/DEBUG] [io.netty.util.internal.PlatformDependent/]: -Dio.netty.tmpdir: C:\Users\Mrbysco\AppData\Local\Temp (java.io.tmpdir)
[02Nov2024 23:14:57.588] [pool-7-thread-1/DEBUG] [io.netty.util.internal.PlatformDependent/]: -Dio.netty.bitMode: 64 (sun.arch.data.model)
[02Nov2024 23:14:57.589] [pool-7-thread-1/DEBUG] [io.netty.util.internal.PlatformDependent/]: Platform: Windows
[02Nov2024 23:14:57.589] [pool-7-thread-1/DEBUG] [io.netty.util.internal.PlatformDependent/]: -Dio.netty.maxDirectMemory: -1 bytes
[02Nov2024 23:14:57.589] [pool-7-thread-1/DEBUG] [io.netty.util.internal.PlatformDependent/]: -Dio.netty.uninitializedArrayAllocationThreshold: -1
[02Nov2024 23:14:57.591] [pool-7-thread-1/DEBUG] [io.netty.util.internal.CleanerJava9/]: java.nio.ByteBuffer.cleaner(): available
[02Nov2024 23:14:57.591] [pool-7-thread-1/DEBUG] [io.netty.util.internal.PlatformDependent/]: -Dio.netty.noPreferDirect: false
[02Nov2024 23:14:59.421] [pool-7-thread-1/DEBUG] [net.neoforged.neoforge.registries.GameData/REGISTRIES]: Creating vanilla freeze snapshot
[02Nov2024 23:14:59.450] [pool-7-thread-1/DEBUG] [net.neoforged.neoforge.registries.GameData/REGISTRIES]: Vanilla freeze snapshot created
[02Nov2024 23:14:59.955] [main/WARN] [net.minecraft.commands.Commands/]: Ambiguity between arguments [teleport, location] and [teleport, destination] with inputs: [0.1 -0.5 .9, 0 0 0]
[02Nov2024 23:14:59.956] [main/WARN] [net.minecraft.commands.Commands/]: Ambiguity between arguments [teleport, location] and [teleport, targets] with inputs: [0.1 -0.5 .9, 0 0 0]
[02Nov2024 23:14:59.960] [main/WARN] [net.minecraft.commands.Commands/]: Ambiguity between arguments [teleport, destination] and [teleport, targets] with inputs: [Player, 0123, @e, dd12be42-52a9-4a91-a8a1-11c01849e498]
[02Nov2024 23:14:59.961] [main/WARN] [net.minecraft.commands.Commands/]: Ambiguity between arguments [teleport, targets] and [teleport, destination] with inputs: [Player, 0123, dd12be42-52a9-4a91-a8a1-11c01849e498]
[02Nov2024 23:14:59.962] [main/WARN] [net.minecraft.commands.Commands/]: Ambiguity between arguments [teleport, targets, location] and [teleport, targets, destination] with inputs: [0.1 -0.5 .9, 0 0 0]
[02Nov2024 23:15:00.054] [Render thread/WARN] [net.minecraft.server.packs.VanillaPackResourcesBuilder/]: Assets URL 'union:/D:/Development/DoAFlip/forge/.gradle/repositories/ng_dummy_ng/net/neoforged/neoforge/21.3.4-beta/neoforge-21.3.4-beta.jar%23215!/assets/.mcassetsroot' uses unexpected schema
[02Nov2024 23:15:00.054] [Render thread/WARN] [net.minecraft.server.packs.VanillaPackResourcesBuilder/]: Assets URL 'union:/D:/Development/DoAFlip/forge/.gradle/repositories/ng_dummy_ng/net/neoforged/neoforge/21.3.4-beta/neoforge-21.3.4-beta.jar%23215!/data/.mcassetsroot' uses unexpected schema
[02Nov2024 23:15:00.075] [Render thread/INFO] [com.mojang.authlib.yggdrasil.YggdrasilAuthenticationService/]: Environment: Environment[sessionHost=https://sessionserver.mojang.com, servicesHost=https://api.minecraftservices.com, name=PROD]
[02Nov2024 23:15:00.081] [Render thread/INFO] [net.minecraft.client.Minecraft/]: Setting user: Dev
[02Nov2024 23:15:00.169] [Render thread/INFO] [net.minecraft.client.Minecraft/]: Backend library: LWJGL version 3.3.3+5
[02Nov2024 23:15:00.338] [Render thread/DEBUG] [net.neoforged.fml.ModWorkManager/LOADING]: Using 24 threads for parallel mod-loading
[02Nov2024 23:15:00.348] [Render thread/DEBUG] [net.neoforged.fml.javafmlmod.FMLModContainer/LOADING]: Creating FMLModContainer instance for [com.mrbysco.doaflip.DoAFlipNeoForge]
[02Nov2024 23:15:00.350] [Render thread/DEBUG] [net.neoforged.fml.javafmlmod.FMLModContainer/LOADING]: Creating FMLModContainer instance for [net.neoforged.neoforge.common.NeoForgeMod, net.neoforged.neoforge.client.ClientNeoForgeMod]
[02Nov2024 23:15:00.372] [modloading-worker-0/DEBUG] [net.neoforged.fml.config.ConfigTracker/CONFIG]: Config file doaflip-client.toml for doaflip tracking
[02Nov2024 23:15:00.373] [modloading-worker-0/DEBUG] [net.neoforged.neoforge.internal.versions.neoforge.NeoForgeVersion/CORE]: Found NeoForge version 21.3.4-beta
[02Nov2024 23:15:00.374] [modloading-worker-0/DEBUG] [net.neoforged.neoforge.internal.versions.neoforge.NeoForgeVersion/CORE]: Found FML version 4.0.31
[02Nov2024 23:15:00.374] [modloading-worker-0/INFO] [net.neoforged.neoforge.common.NeoForgeMod/NEOFORGE-MOD]: NeoForge mod loading, version 21.3.4-beta, for MC 1.21.3
[02Nov2024 23:15:00.389] [modloading-worker-0/DEBUG] [net.neoforged.fml.javafmlmod.AutomaticEventSubscriber/LOADING]: Attempting to inject @EventBusSubscriber classes into the eventbus for doaflip
[02Nov2024 23:15:00.391] [modloading-worker-0/DEBUG] [net.neoforged.fml.config.ConfigTracker/CONFIG]: Config file neoforge-client.toml for neoforge tracking
[02Nov2024 23:15:00.391] [modloading-worker-0/DEBUG] [net.neoforged.fml.config.ConfigTracker/CONFIG]: Config file neoforge-server.toml for neoforge tracking
[02Nov2024 23:15:00.392] [modloading-worker-0/DEBUG] [net.neoforged.fml.config.ConfigTracker/CONFIG]: Config file neoforge-common.toml for neoforge tracking
[02Nov2024 23:15:00.431] [modloading-worker-0/DEBUG] [net.neoforged.fml.javafmlmod.AutomaticEventSubscriber/LOADING]: Attempting to inject @EventBusSubscriber classes into the eventbus for neoforge
[02Nov2024 23:15:00.432] [modloading-worker-0/DEBUG] [net.neoforged.fml.javafmlmod.AutomaticEventSubscriber/LOADING]: Auto-subscribing net.neoforged.neoforge.server.command.ConfigCommand to GAME
[02Nov2024 23:15:00.433] [modloading-worker-0/DEBUG] [net.neoforged.fml.javafmlmod.AutomaticEventSubscriber/LOADING]: Auto-subscribing net.neoforged.neoforge.network.filters.GenericPacketSplitter to MOD
[02Nov2024 23:15:00.450] [modloading-worker-0/DEBUG] [io.netty.buffer.AbstractByteBuf/]: -Dio.netty.buffer.checkAccessible: true
[02Nov2024 23:15:00.450] [modloading-worker-0/DEBUG] [io.netty.buffer.AbstractByteBuf/]: -Dio.netty.buffer.checkBounds: true
[02Nov2024 23:15:00.451] [modloading-worker-0/DEBUG] [io.netty.util.ResourceLeakDetectorFactory/]: Loaded default ResourceLeakDetector: io.netty.util.ResourceLeakDetector@4fd36df4
[02Nov2024 23:15:00.457] [modloading-worker-0/DEBUG] [io.netty.util.internal.InternalThreadLocalMap/]: -Dio.netty.threadLocalMap.stringBuilder.initialSize: 1024
[02Nov2024 23:15:00.457] [modloading-worker-0/DEBUG] [io.netty.util.internal.InternalThreadLocalMap/]: -Dio.netty.threadLocalMap.stringBuilder.maxSize: 4096
[02Nov2024 23:15:00.459] [modloading-worker-0/DEBUG] [io.netty.buffer.PooledByteBufAllocator/]: -Dio.netty.allocator.numHeapArenas: 48
[02Nov2024 23:15:00.460] [modloading-worker-0/DEBUG] [io.netty.buffer.PooledByteBufAllocator/]: -Dio.netty.allocator.numDirectArenas: 48
[02Nov2024 23:15:00.460] [modloading-worker-0/DEBUG] [io.netty.buffer.PooledByteBufAllocator/]: -Dio.netty.allocator.pageSize: 8192
[02Nov2024 23:15:00.460] [modloading-worker-0/DEBUG] [io.netty.buffer.PooledByteBufAllocator/]: -Dio.netty.allocator.maxOrder: 9
[02Nov2024 23:15:00.460] [modloading-worker-0/DEBUG] [io.netty.buffer.PooledByteBufAllocator/]: -Dio.netty.allocator.chunkSize: 4194304
[02Nov2024 23:15:00.460] [modloading-worker-0/DEBUG] [io.netty.buffer.PooledByteBufAllocator/]: -Dio.netty.allocator.smallCacheSize: 256
[02Nov2024 23:15:00.460] [modloading-worker-0/DEBUG] [io.netty.buffer.PooledByteBufAllocator/]: -Dio.netty.allocator.normalCacheSize: 64
[02Nov2024 23:15:00.460] [modloading-worker-0/DEBUG] [io.netty.buffer.PooledByteBufAllocator/]: -Dio.netty.allocator.maxCachedBufferCapacity: 32768
[02Nov2024 23:15:00.461] [modloading-worker-0/DEBUG] [io.netty.buffer.PooledByteBufAllocator/]: -Dio.netty.allocator.cacheTrimInterval: 8192
[02Nov2024 23:15:00.461] [modloading-worker-0/DEBUG] [io.netty.buffer.PooledByteBufAllocator/]: -Dio.netty.allocator.cacheTrimIntervalMillis: 0
[02Nov2024 23:15:00.461] [modloading-worker-0/DEBUG] [io.netty.buffer.PooledByteBufAllocator/]: -Dio.netty.allocator.useCacheForAllThreads: false
[02Nov2024 23:15:00.461] [modloading-worker-0/DEBUG] [io.netty.buffer.PooledByteBufAllocator/]: -Dio.netty.allocator.maxCachedByteBuffersPerChunk: 1023
[02Nov2024 23:15:00.469] [modloading-worker-0/DEBUG] [io.netty.buffer.ByteBufUtil/]: -Dio.netty.allocator.type: pooled
[02Nov2024 23:15:00.469] [modloading-worker-0/DEBUG] [io.netty.buffer.ByteBufUtil/]: -Dio.netty.threadLocalDirectBufferSize: 0
[02Nov2024 23:15:00.469] [modloading-worker-0/DEBUG] [io.netty.buffer.ByteBufUtil/]: -Dio.netty.maxThreadLocalCharBufferSize: 16384
[02Nov2024 23:15:00.477] [modloading-worker-0/DEBUG] [net.neoforged.fml.javafmlmod.AutomaticEventSubscriber/LOADING]: Auto-subscribing net.neoforged.neoforge.network.NetworkInitialization to MOD
[02Nov2024 23:15:00.478] [modloading-worker-0/DEBUG] [net.neoforged.fml.javafmlmod.AutomaticEventSubscriber/LOADING]: Auto-subscribing net.neoforged.neoforge.network.ConfigurationInitialization to MOD
[02Nov2024 23:15:00.480] [modloading-worker-0/DEBUG] [net.neoforged.fml.javafmlmod.AutomaticEventSubscriber/LOADING]: Auto-subscribing net.neoforged.neoforge.common.MonsterRoomHooks to GAME
[02Nov2024 23:15:00.481] [modloading-worker-0/DEBUG] [net.neoforged.fml.javafmlmod.AutomaticEventSubscriber/LOADING]: Auto-subscribing net.neoforged.neoforge.common.DeferredSpawnEggItem$CommonHandler to MOD
[02Nov2024 23:15:00.483] [modloading-worker-0/DEBUG] [net.neoforged.fml.javafmlmod.AutomaticEventSubscriber/LOADING]: Auto-subscribing net.neoforged.neoforge.common.DeferredSpawnEggItem$ColorRegisterHandler to MOD
[02Nov2024 23:15:00.483] [modloading-worker-0/DEBUG] [net.neoforged.fml.javafmlmod.AutomaticEventSubscriber/LOADING]: Auto-subscribing net.neoforged.neoforge.client.model.data.ModelDataManager to GAME
[02Nov2024 23:15:00.485] [modloading-worker-0/DEBUG] [net.neoforged.fml.javafmlmod.AutomaticEventSubscriber/LOADING]: Auto-subscribing net.neoforged.neoforge.client.ParticleBoundsDebugRenderer to GAME
[02Nov2024 23:15:00.488] [modloading-worker-0/DEBUG] [net.neoforged.fml.javafmlmod.AutomaticEventSubscriber/LOADING]: Auto-subscribing net.neoforged.neoforge.client.ClientHooks$ClientEvents to MOD
[02Nov2024 23:15:00.497] [modloading-worker-0/DEBUG] [net.neoforged.fml.javafmlmod.AutomaticEventSubscriber/LOADING]: Auto-subscribing net.neoforged.neoforge.client.BlockEntityRenderBoundsDebugRenderer to GAME
[02Nov2024 23:15:00.498] [modloading-worker-0/DEBUG] [net.neoforged.fml.javafmlmod.AutomaticEventSubscriber/LOADING]: Auto-subscribing net.neoforged.neoforge.attachment.AttachmentInternals to GAME
[02Nov2024 23:15:00.510] [modloading-sync-worker/DEBUG] [net.neoforged.neoforge.registries.GameData/REGISTRIES]: Unfreezing registries
[02Nov2024 23:15:00.614] [modloading-sync-worker/DEBUG] [net.neoforged.neoforge.registries.GameData/REGISTRIES]: Freezing registries
[02Nov2024 23:15:00.638] [modloading-sync-worker/DEBUG] [net.neoforged.neoforge.registries.GameData/REGISTRIES]: All registries frozen
[02Nov2024 23:15:00.639] [modloading-sync-worker/DEBUG] [net.neoforged.fml.config.ConfigTracker/CONFIG]: Loading configs type CLIENT
[02Nov2024 23:15:00.646] [modloading-sync-worker/DEBUG] [Do A Flip/]: Loaded Do A Flip's config file doaflip-client.toml
[02Nov2024 23:15:00.647] [modloading-sync-worker/DEBUG] [net.neoforged.fml.config.ConfigTracker/CONFIG]: Loaded TOML config file D:\Development\DoAFlip\forge\runs\client\config\doaflip-client.toml
[02Nov2024 23:15:00.652] [modloading-sync-worker/DEBUG] [net.neoforged.fml.config.ConfigTracker/CONFIG]: Watching TOML config file D:\Development\DoAFlip\forge\runs\client\config\doaflip-client.toml for changes
[02Nov2024 23:15:00.653] [modloading-sync-worker/DEBUG] [net.neoforged.neoforge.common.NeoForgeConfig/FORGEMOD]: Loaded NeoForge config file neoforge-client.toml
[02Nov2024 23:15:00.654] [modloading-sync-worker/DEBUG] [net.neoforged.fml.config.ConfigTracker/CONFIG]: Loaded TOML config file D:\Development\DoAFlip\forge\runs\client\config\neoforge-client.toml
[02Nov2024 23:15:00.654] [modloading-sync-worker/DEBUG] [net.neoforged.fml.config.ConfigTracker/CONFIG]: Watching TOML config file D:\Development\DoAFlip\forge\runs\client\config\neoforge-client.toml for changes
[02Nov2024 23:15:00.654] [modloading-sync-worker/DEBUG] [net.neoforged.fml.config.ConfigTracker/CONFIG]: Loading configs type COMMON
[02Nov2024 23:15:00.654] [modloading-sync-worker/DEBUG] [net.neoforged.neoforge.common.NeoForgeConfig/FORGEMOD]: Loaded NeoForge config file neoforge-common.toml
[02Nov2024 23:15:00.655] [modloading-sync-worker/DEBUG] [net.neoforged.fml.config.ConfigTracker/CONFIG]: Loaded TOML config file D:\Development\DoAFlip\forge\runs\client\config\neoforge-common.toml
[02Nov2024 23:15:00.655] [modloading-sync-worker/DEBUG] [net.neoforged.fml.config.ConfigTracker/CONFIG]: Watching TOML config file D:\Development\DoAFlip\forge\runs\client\config\neoforge-common.toml for changes
[02Nov2024 23:15:01.139] [Render thread/INFO] [net.neoforged.neoforge.gametest.GameTestHooks/]: Enabled Gametest Namespaces: []
[02Nov2024 23:15:01.262] [Render thread/INFO] [net.minecraft.server.packs.resources.ReloadableResourceManager/]: Reloading ResourceManager: vanilla, mod_resources, mod/doaflip, mod/neoforge
[02Nov2024 23:15:01.350] [resourceLoad/INFO] [net.minecraft.client.gui.font.providers.UnihexProvider/]: Found unifont_all_no_pua-15.1.05.hex, loading
[02Nov2024 23:15:01.350] [resourceLoad/INFO] [net.minecraft.client.gui.font.providers.UnihexProvider/]: Found unifont_jp_patch-15.1.05.hex, loading
[02Nov2024 23:15:01.391] [Render thread/DEBUG] [net.neoforged.fml.DeferredWorkQueue/LOADING]: Dispatching synchronous work for work queue Common setup: 1 jobs
[02Nov2024 23:15:01.396] [Render thread/DEBUG] [net.neoforged.fml.DeferredWorkQueue/LOADING]: Synchronous work queue completed in 3.718 ms
[02Nov2024 23:15:02.310] [resourceLoad/WARN] [net.minecraft.client.resources.model.ModelManager/]: Missing textures in model neoforge:bucket_milk#inventory:
    minecraft:textures/atlas/blocks.png:neoforge:items/bucket_base
    minecraft:textures/atlas/blocks.png:neoforge:items/bucket_cover
    minecraft:textures/atlas/blocks.png:neoforge:items/bucket_fluid
[02Nov2024 23:15:02.584] [Render thread/WARN] [net.minecraft.client.sounds.SoundEngine/]: Missing sound for event: minecraft:ui.hud.bubble_pop
[02Nov2024 23:15:02.584] [Render thread/WARN] [net.minecraft.client.sounds.SoundEngine/]: Missing sound for event: minecraft:entity.creaking.ambient
[02Nov2024 23:15:02.584] [Render thread/WARN] [net.minecraft.client.sounds.SoundEngine/]: Missing sound for event: minecraft:entity.creaking.activate
[02Nov2024 23:15:02.585] [Render thread/WARN] [net.minecraft.client.sounds.SoundEngine/]: Missing sound for event: minecraft:entity.creaking.deactivate
[02Nov2024 23:15:02.585] [Render thread/WARN] [net.minecraft.client.sounds.SoundEngine/]: Missing sound for event: minecraft:entity.creaking.attack
[02Nov2024 23:15:02.585] [Render thread/WARN] [net.minecraft.client.sounds.SoundEngine/]: Missing sound for event: minecraft:entity.creaking.death
[02Nov2024 23:15:02.585] [Render thread/WARN] [net.minecraft.client.sounds.SoundEngine/]: Missing sound for event: minecraft:entity.creaking.step
[02Nov2024 23:15:02.585] [Render thread/WARN] [net.minecraft.client.sounds.SoundEngine/]: Missing sound for event: minecraft:entity.creaking.freeze
[02Nov2024 23:15:02.585] [Render thread/WARN] [net.minecraft.client.sounds.SoundEngine/]: Missing sound for event: minecraft:entity.creaking.unfreeze
[02Nov2024 23:15:02.585] [Render thread/WARN] [net.minecraft.client.sounds.SoundEngine/]: Missing sound for event: minecraft:entity.creaking.spawn
[02Nov2024 23:15:02.585] [Render thread/WARN] [net.minecraft.client.sounds.SoundEngine/]: Missing sound for event: minecraft:entity.creaking.sway
[02Nov2024 23:15:02.585] [Render thread/WARN] [net.minecraft.client.sounds.SoundEngine/]: Missing sound for event: minecraft:block.creaking_heart.break
[02Nov2024 23:15:02.585] [Render thread/WARN] [net.minecraft.client.sounds.SoundEngine/]: Missing sound for event: minecraft:block.creaking_heart.fall
[02Nov2024 23:15:02.585] [Render thread/WARN] [net.minecraft.client.sounds.SoundEngine/]: Missing sound for event: minecraft:block.creaking_heart.hit
[02Nov2024 23:15:02.585] [Render thread/WARN] [net.minecraft.client.sounds.SoundEngine/]: Missing sound for event: minecraft:block.creaking_heart.hurt
[02Nov2024 23:15:02.586] [Render thread/WARN] [net.minecraft.client.sounds.SoundEngine/]: Missing sound for event: minecraft:block.creaking_heart.place
[02Nov2024 23:15:02.586] [Render thread/WARN] [net.minecraft.client.sounds.SoundEngine/]: Missing sound for event: minecraft:block.creaking_heart.step
[02Nov2024 23:15:02.586] [Render thread/WARN] [net.minecraft.client.sounds.SoundEngine/]: Missing sound for event: minecraft:block.creaking_heart.idle
[02Nov2024 23:15:02.586] [Render thread/WARN] [net.minecraft.client.sounds.SoundEngine/]: Missing sound for event: minecraft:block.creaking_heart.spawn
[02Nov2024 23:15:02.586] [Render thread/WARN] [net.minecraft.client.sounds.SoundEngine/]: Missing sound for event: minecraft:block.pale_hanging_moss.idle
[02Nov2024 23:15:02.586] [Render thread/WARN] [net.minecraft.client.sounds.SoundEngine/]: Missing sound for event: minecraft:entity.parrot.imitate.creaking
[02Nov2024 23:15:02.586] [Render thread/WARN] [net.minecraft.client.sounds.SoundEngine/]: Missing sound for event: minecraft:block.spawner.fall
[02Nov2024 23:15:02.611] [Render thread/INFO] [com.mojang.blaze3d.audio.Library/]: OpenAL initialized on device OpenAL Soft on Wave Link System (Elgato Wave:3)
[02Nov2024 23:15:02.611] [Render thread/INFO] [net.minecraft.client.sounds.SoundEngine/SOUNDS]: Sound engine started
[02Nov2024 23:15:02.793] [Render thread/INFO] [net.minecraft.client.renderer.texture.TextureAtlas/]: Created: 1024x512x4 minecraft:textures/atlas/blocks.png-atlas
[02Nov2024 23:15:02.802] [Render thread/INFO] [net.minecraft.client.renderer.texture.TextureAtlas/]: Created: 256x256x4 minecraft:textures/atlas/signs.png-atlas
[02Nov2024 23:15:02.802] [Render thread/INFO] [net.minecraft.client.renderer.texture.TextureAtlas/]: Created: 512x512x4 minecraft:textures/atlas/shield_patterns.png-atlas
[02Nov2024 23:15:02.802] [Render thread/INFO] [net.minecraft.client.renderer.texture.TextureAtlas/]: Created: 512x512x4 minecraft:textures/atlas/banner_patterns.png-atlas
[02Nov2024 23:15:02.803] [Render thread/INFO] [net.minecraft.client.renderer.texture.TextureAtlas/]: Created: 1024x1024x4 minecraft:textures/atlas/armor_trims.png-atlas
[02Nov2024 23:15:02.805] [Render thread/INFO] [net.minecraft.client.renderer.texture.TextureAtlas/]: Created: 128x64x4 minecraft:textures/atlas/decorated_pot.png-atlas
[02Nov2024 23:15:02.805] [Render thread/INFO] [net.minecraft.client.renderer.texture.TextureAtlas/]: Created: 256x256x4 minecraft:textures/atlas/chest.png-atlas
[02Nov2024 23:15:02.805] [Render thread/INFO] [net.minecraft.client.renderer.texture.TextureAtlas/]: Created: 512x256x4 minecraft:textures/atlas/shulker_boxes.png-atlas
[02Nov2024 23:15:02.805] [Render thread/INFO] [net.minecraft.client.renderer.texture.TextureAtlas/]: Created: 512x256x4 minecraft:textures/atlas/beds.png-atlas
[02Nov2024 23:15:02.814] [Render thread/DEBUG] [mixin/]: Mixing LivingEntityRenderStateMixin from doaflip.mixins.json into net.minecraft.client.renderer.entity.state.LivingEntityRenderState
[02Nov2024 23:15:02.962] [Render thread/INFO] [net.minecraft.client.renderer.texture.TextureAtlas/]: Created: 64x64x0 minecraft:textures/atlas/map_decorations.png-atlas
[02Nov2024 23:15:02.973] [Render thread/DEBUG] [mixin/]: Mixing LivingEntityRendererMixin from doaflip.mixins.json into net.minecraft.client.renderer.entity.LivingEntityRenderer
[02Nov2024 23:15:03.052] [Render thread/DEBUG] [mixin/]: doaflip.mixins.json:LivingEntityRendererMixin from mod doaflip->@Inject::doaflip$setupRotations(Lnet/minecraft/client/renderer/entity/state/LivingEntityRenderState;Lcom/mojang/blaze3d/vertex/PoseStack;FFLorg/spongepowered/asm/mixin/injection/callback/CallbackInfo;)V doesn't use it's CallbackInfo
[02Nov2024 23:15:03.053] [Render thread/DEBUG] [mixin/]: doaflip.mixins.json:LivingEntityRendererMixin from mod doaflip->@Inject::doaflip$setupRotations(Lnet/minecraft/client/renderer/entity/state/LivingEntityRenderState;Lcom/mojang/blaze3d/vertex/PoseStack;FFLorg/spongepowered/asm/mixin/injection/callback/CallbackInfo;)V has 0 override(s) in child classes
[02Nov2024 23:15:03.053] [Render thread/DEBUG] [mixin/]: doaflip.mixins.json:LivingEntityRendererMixin from mod doaflip->@Inject::doaflip$setupRotations(Lnet/minecraft/client/renderer/entity/state/LivingEntityRenderState;Lcom/mojang/blaze3d/vertex/PoseStack;FFLorg/spongepowered/asm/mixin/injection/callback/CallbackInfo;)V won't be passed a CallbackInfo as a result
[02Nov2024 23:15:03.053] [Render thread/DEBUG] [mixin/]: doaflip.mixins.json:LivingEntityRendererMixin from mod doaflip->@Inject::doaflip$extractRenderState(Lnet/minecraft/world/entity/LivingEntity;Lnet/minecraft/client/renderer/entity/state/LivingEntityRenderState;FLorg/spongepowered/asm/mixin/injection/callback/CallbackInfo;)V doesn't use it's CallbackInfo
[02Nov2024 23:15:03.053] [Render thread/DEBUG] [mixin/]: doaflip.mixins.json:LivingEntityRendererMixin from mod doaflip->@Inject::doaflip$extractRenderState(Lnet/minecraft/world/entity/LivingEntity;Lnet/minecraft/client/renderer/entity/state/LivingEntityRenderState;FLorg/spongepowered/asm/mixin/injection/callback/CallbackInfo;)V has 0 override(s) in child classes
[02Nov2024 23:15:03.053] [Render thread/DEBUG] [mixin/]: doaflip.mixins.json:LivingEntityRendererMixin from mod doaflip->@Inject::doaflip$extractRenderState(Lnet/minecraft/world/entity/LivingEntity;Lnet/minecraft/client/renderer/entity/state/LivingEntityRenderState;FLorg/spongepowered/asm/mixin/injection/callback/CallbackInfo;)V won't be passed a CallbackInfo as a result
[02Nov2024 23:15:03.193] [Render thread/INFO] [net.minecraft.client.renderer.texture.TextureAtlas/]: Created: 512x256x0 minecraft:textures/atlas/particles.png-atlas
[02Nov2024 23:15:03.194] [Render thread/INFO] [net.minecraft.client.renderer.texture.TextureAtlas/]: Created: 512x256x0 minecraft:textures/atlas/paintings.png-atlas
[02Nov2024 23:15:03.194] [Render thread/INFO] [net.minecraft.client.renderer.texture.TextureAtlas/]: Created: 256x128x0 minecraft:textures/atlas/mob_effects.png-atlas
[02Nov2024 23:15:03.195] [Render thread/INFO] [net.minecraft.client.renderer.texture.TextureAtlas/]: Created: 1024x512x0 minecraft:textures/atlas/gui.png-atlas
[02Nov2024 23:15:03.200] [Render thread/INFO] [net.neoforged.neoforge.client.entity.animation.json.AnimationLoader/]: Loaded 0 entity animations
[02Nov2024 23:15:10.335] [Render thread/INFO] [net.minecraft.world.item.crafting.RecipeManager/]: Loaded 1337 recipes
[02Nov2024 23:15:10.348] [Render thread/INFO] [net.minecraft.advancements.AdvancementTree/]: Loaded 1448 advancements
[02Nov2024 23:15:10.423] [Render thread/DEBUG] [net.neoforged.neoforge.common.CommonHooks/WP]: Gathered mod list to write to world save 1.21.3
[02Nov2024 23:15:10.513] [Server thread/INFO] [net.minecraft.client.server.IntegratedServer/]: Starting integrated minecraft server version 1.21.3
[02Nov2024 23:15:10.513] [Server thread/INFO] [net.minecraft.server.MinecraftServer/]: Generating keypair
[02Nov2024 23:15:10.616] [Server thread/DEBUG] [net.neoforged.fml.config.ConfigTracker/CONFIG]: Loading configs type SERVER
[02Nov2024 23:15:10.618] [Server thread/DEBUG] [net.neoforged.neoforge.common.NeoForgeConfig/FORGEMOD]: Loaded NeoForge config file neoforge-server.toml
[02Nov2024 23:15:10.618] [Server thread/DEBUG] [net.neoforged.fml.config.ConfigTracker/CONFIG]: Loaded TOML config file D:\Development\DoAFlip\forge\runs\client\config\neoforge-server.toml
[02Nov2024 23:15:10.619] [Server thread/DEBUG] [net.neoforged.fml.config.ConfigTracker/CONFIG]: Watching TOML config file D:\Development\DoAFlip\forge\runs\client\config\neoforge-server.toml for changes
[02Nov2024 23:15:10.940] [Server thread/INFO] [net.minecraft.server.MinecraftServer/]: Preparing start region for dimension minecraft:overworld
[02Nov2024 23:15:11.973] [Server thread/INFO] [net.neoforged.neoforge.server.permission.PermissionAPI/]: Successfully initialized permission handler neoforge:default_handler
[02Nov2024 23:15:12.043] [Server thread/INFO] [net.minecraft.client.server.IntegratedServer/]: Changing view distance to 12, from 10
[02Nov2024 23:15:12.044] [Server thread/INFO] [net.minecraft.client.server.IntegratedServer/]: Changing simulation distance to 12, from 0
[02Nov2024 23:15:12.213] [Render thread/DEBUG] [io.netty.channel.MultithreadEventLoopGroup/]: -Dio.netty.eventLoopThreads: 48
[02Nov2024 23:15:12.226] [Render thread/DEBUG] [io.netty.util.concurrent.GlobalEventExecutor/]: -Dio.netty.globalEventExecutor.quietPeriodSeconds: 1
[02Nov2024 23:15:12.243] [Render thread/DEBUG] [io.netty.channel.nio.NioEventLoop/]: -Dio.netty.noKeySetOptimization: false
[02Nov2024 23:15:12.243] [Render thread/DEBUG] [io.netty.channel.nio.NioEventLoop/]: -Dio.netty.selectorAutoRebuildThreshold: 512
[02Nov2024 23:15:12.249] [Render thread/DEBUG] [io.netty.util.internal.PlatformDependent/]: org.jctools-core.MpscChunkedArrayQueue: available
[02Nov2024 23:15:12.299] [Render thread/DEBUG] [io.netty.channel.DefaultChannelId/]: -Dio.netty.processId: 11888 (auto-detected)
[02Nov2024 23:15:12.300] [Render thread/DEBUG] [io.netty.util.NetUtil/]: -Djava.net.preferIPv4Stack: false
[02Nov2024 23:15:12.301] [Render thread/DEBUG] [io.netty.util.NetUtil/]: -Djava.net.preferIPv6Addresses: system
[02Nov2024 23:15:12.302] [Render thread/DEBUG] [io.netty.util.NetUtilInitializations/]: Loopback interface: loopback_0 (Software Loopback Interface 1, 0:0:0:0:0:0:0:1)
[02Nov2024 23:15:12.304] [Render thread/DEBUG] [io.netty.util.NetUtil/]: Failed to get SOMAXCONN from sysctl and file \proc\sys\net\core\somaxconn. Default: 200
[02Nov2024 23:15:12.305] [Render thread/DEBUG] [io.netty.channel.DefaultChannelId/]: -Dio.netty.machineId: 00:d8:61:ff:fe:78:21:52 (auto-detected)
[02Nov2024 23:15:12.348] [Render thread/DEBUG] [io.netty.util.Recycler/]: -Dio.netty.recycler.maxCapacityPerThread: 4096
[02Nov2024 23:15:12.348] [Render thread/DEBUG] [io.netty.util.Recycler/]: -Dio.netty.recycler.ratio: 8
[02Nov2024 23:15:12.348] [Render thread/DEBUG] [io.netty.util.Recycler/]: -Dio.netty.recycler.chunkSize: 32
[02Nov2024 23:15:12.348] [Render thread/DEBUG] [io.netty.util.Recycler/]: -Dio.netty.recycler.blocking: false
[02Nov2024 23:15:12.348] [Render thread/DEBUG] [io.netty.util.Recycler/]: -Dio.netty.recycler.batchFastThreadLocalOnly: true
[02Nov2024 23:15:12.358] [progressListener/INFO] [net.minecraft.server.level.progress.LoggerChunkProgressListener/]: Preparing spawn area: 0%
[02Nov2024 23:15:12.358] [progressListener/INFO] [net.minecraft.server.level.progress.LoggerChunkProgressListener/]: Preparing spawn area: 0%
[02Nov2024 23:15:12.358] [progressListener/INFO] [net.minecraft.server.level.progress.LoggerChunkProgressListener/]: Preparing spawn area: 0%
[02Nov2024 23:15:12.360] [progressListener/INFO] [net.minecraft.server.level.progress.LoggerChunkProgressListener/]: Time elapsed: 1417 ms
[02Nov2024 23:15:12.432] [Netty Server IO #1/DEBUG] [net.neoforged.neoforge.network.filters.NetworkFilters/]: Injected net.neoforged.neoforge.network.filters.GenericPacketSplitter@4f35a68d into net.minecraft.network.Connection@36d19953
[02Nov2024 23:15:12.437] [Netty Local Client IO #0/DEBUG] [net.neoforged.neoforge.network.filters.NetworkFilters/]: Injected net.neoforged.neoforge.network.filters.GenericPacketSplitter@4d262802 into net.minecraft.network.Connection@2fd7e18e
[02Nov2024 23:15:12.747] [Netty Server IO #1/DEBUG] [net.neoforged.neoforge.network.filters.NetworkFilters/]: Injected net.neoforged.neoforge.network.filters.GenericPacketSplitter@638b0f8d into net.minecraft.network.Connection@36d19953
[02Nov2024 23:15:12.820] [Server thread/INFO] [net.minecraft.server.players.PlayerList/]: Dev[local:E:61ecd882] logged in with entity id 1 at (8.242235094219438, 54.0, 13.520146305996477)
[02Nov2024 23:15:12.869] [Server thread/INFO] [net.minecraft.server.MinecraftServer/]: Dev joined the game
[02Nov2024 23:15:13.117] [Render thread/INFO] [net.minecraft.advancements.AdvancementTree/]: Loaded 2 advancements
[02Nov2024 23:15:13.775] [Server thread/INFO] [net.minecraft.client.server.IntegratedServer/]: Saving and pausing game...
[02Nov2024 23:15:13.807] [Server thread/INFO] [net.minecraft.server.MinecraftServer/]: Saving chunks for level 'ServerLevel[1.21.3]'/minecraft:overworld
[02Nov2024 23:15:13.824] [Server thread/INFO] [net.minecraft.server.MinecraftServer/]: Saving chunks for level 'ServerLevel[1.21.3]'/minecraft:the_nether
[02Nov2024 23:15:13.824] [Server thread/INFO] [net.minecraft.server.MinecraftServer/]: Saving chunks for level 'ServerLevel[1.21.3]'/minecraft:the_end
[02Nov2024 23:15:13.825] [Server thread/DEBUG] [net.neoforged.neoforge.common.CommonHooks/WP]: Gathered mod list to write to world save 1.21.3
[02Nov2024 23:15:16.646] [Server thread/INFO] [net.minecraft.server.MinecraftServer/]: Dev was killed
[02Nov2024 23:15:16.654] [Server thread/INFO] [net.minecraft.server.MinecraftServer/]: [Dev: Killed Dev]
[02Nov2024 23:15:16.658] [Render thread/INFO] [net.minecraft.client.gui.components.ChatComponent/]: [System] [CHAT] Dev was killed
[02Nov2024 23:15:16.665] [Render thread/INFO] [net.minecraft.client.gui.components.ChatComponent/]: [System] [CHAT] Killed Dev
[02Nov2024 23:15:22.146] [Render thread/DEBUG] [Do A Flip/]: Loaded com.mrbysco.doaflip.platform.NeoForgePlatformHelper@9ba905b for service interface com.mrbysco.doaflip.platform.services.IPlatformHelper
[02Nov2024 23:15:25.176] [Server thread/INFO] [net.minecraft.client.server.IntegratedServer/]: Saving and pausing game...
[02Nov2024 23:15:25.183] [Server thread/INFO] [net.minecraft.server.MinecraftServer/]: Saving chunks for level 'ServerLevel[1.21.3]'/minecraft:overworld
[02Nov2024 23:15:25.188] [Server thread/INFO] [net.minecraft.server.MinecraftServer/]: Saving chunks for level 'ServerLevel[1.21.3]'/minecraft:the_nether
[02Nov2024 23:15:25.188] [Server thread/INFO] [net.minecraft.server.MinecraftServer/]: Saving chunks for level 'ServerLevel[1.21.3]'/minecraft:the_end
[02Nov2024 23:15:25.189] [Server thread/DEBUG] [net.neoforged.neoforge.common.CommonHooks/WP]: Gathered mod list to write to world save 1.21.3
[02Nov2024 23:15:31.809] [Render thread/WARN] [Do A Flip/]: Do A Flip's config just got changed on the file system!
[02Nov2024 23:15:31.810] [Render thread/WARN] [net.neoforged.neoforge.client.gui.ConfigurationScreen.TranslationChecker/]: 
	Dev warning - Untranslated configuration keys encountered. Please translate your configuration keys so users can properly configure your mod.

Untranslated keys:
  "doaflip.configuration.flipChance": "",
  "doaflip.configuration.invertMobs": "",
  "doaflip.configuration.Flip": "",
  "doaflip.configuration.flippingMobs": "",
The following keys have fallbacks. Please check if those are suitable, and translate them if they're not.
  "doaflip.configuration.title": "",
  "doaflip.configuration.section.doaflip.client.toml": "",
  "doaflip.configuration.flippingMobs.tooltip": "",
  "doaflip.configuration.Flip.tooltip": "",
  "doaflip.configuration.flippingMobs.button": "",
  "doaflip.configuration.section.doaflip.client.toml.title": "",
  "doaflip.configuration.Flip.button": "",
  "doaflip.configuration.flipChance.tooltip": "",
  "doaflip.configuration.invertMobs.tooltip": "",
[02Nov2024 23:15:32.310] [pool-9-thread-1/DEBUG] [net.neoforged.fml.config.ConfigWatcher/CONFIG]: Config file doaflip-client.toml changed, re-loading
[02Nov2024 23:15:32.311] [pool-9-thread-1/WARN] [Do A Flip/]: Do A Flip's config just got changed on the file system!
[02Nov2024 23:15:52.427] [Server thread/INFO] [net.minecraft.client.server.IntegratedServer/]: Saving and pausing game...
[02Nov2024 23:15:52.432] [Server thread/INFO] [net.minecraft.server.MinecraftServer/]: Saving chunks for level 'ServerLevel[1.21.3]'/minecraft:overworld
[02Nov2024 23:15:52.435] [Server thread/INFO] [net.minecraft.server.MinecraftServer/]: Saving chunks for level 'ServerLevel[1.21.3]'/minecraft:the_nether
[02Nov2024 23:15:52.435] [Server thread/INFO] [net.minecraft.server.MinecraftServer/]: Saving chunks for level 'ServerLevel[1.21.3]'/minecraft:the_end
[02Nov2024 23:15:52.436] [Server thread/DEBUG] [net.neoforged.neoforge.common.CommonHooks/WP]: Gathered mod list to write to world save 1.21.3
[02Nov2024 23:15:55.254] [Render thread/DEBUG] [net.neoforged.neoforge.network.DualStackUtils/]: Detected IPv6 address: "0:0:0:0:0:0:0:0"
[02Nov2024 23:15:55.263] [Render thread/INFO] [net.minecraft.server.network.ServerConnectionListener/]: Using default channel type
[02Nov2024 23:15:55.274] [Render thread/INFO] [net.minecraft.client.server.IntegratedServer/]: Started serving on 52979
[02Nov2024 23:15:55.276] [Render thread/DEBUG] [net.neoforged.neoforge.network.DualStackUtils/]: Detected IPv6 address: "0:0:0:0:0:0:0:0"
[02Nov2024 23:15:55.283] [Render thread/INFO] [net.minecraft.client.gui.components.ChatComponent/]: [System] [CHAT] Local game hosted on port [52979]
[02Nov2024 23:16:03.597] [User Authenticator #1/WARN] [net.minecraft.server.network.ServerLoginPacketListenerImpl/]: Failed to verify username but will let them in anyway!
[02Nov2024 23:16:03.689] [Netty Server IO #3/DEBUG] [net.neoforged.neoforge.network.filters.NetworkFilters/]: Injected net.neoforged.neoforge.network.filters.GenericPacketSplitter@6f5b98a5 into net.minecraft.network.Connection@f5f8025
[02Nov2024 23:16:04.077] [Netty Server IO #3/DEBUG] [net.neoforged.neoforge.network.filters.NetworkFilters/]: Injected net.neoforged.neoforge.network.filters.GenericPacketSplitter@1f938a9a into net.minecraft.network.Connection@f5f8025
[02Nov2024 23:16:04.090] [Server thread/INFO] [net.minecraft.server.players.PlayerList/]: Dev2[/[fe80::ed10:a39f:ed73:4b70]:52987] logged in with entity id 106 at (-7.5, 88.0, -0.5)
[02Nov2024 23:16:04.099] [Server thread/INFO] [net.minecraft.server.MinecraftServer/]: Dev2 joined the game
[02Nov2024 23:16:04.102] [Render thread/INFO] [net.minecraft.client.gui.components.ChatComponent/]: [System] [CHAT] Dev2 joined the game
[02Nov2024 23:16:14.365] [Server thread/INFO] [net.minecraft.server.MinecraftServer/]: [Dev2: Set the time to 0]
[02Nov2024 23:16:14.371] [Render thread/INFO] [net.minecraft.client.gui.components.ChatComponent/]: [System] [CHAT] [Dev2: Set the time to 0]
[02Nov2024 23:16:33.377] [Server thread/INFO] [net.minecraft.server.network.ServerGamePacketListenerImpl/]: Dev2 lost connection: Disconnected
[02Nov2024 23:16:33.377] [Server thread/INFO] [net.minecraft.server.MinecraftServer/]: Dev2 left the game
[02Nov2024 23:16:33.391] [Render thread/INFO] [net.minecraft.client.gui.components.ChatComponent/]: [System] [CHAT] Dev2 left the game
[02Nov2024 23:16:33.995] [Render thread/INFO] [net.minecraft.client.Minecraft/]: Stopping!
[02Nov2024 23:16:34.028] [Server thread/INFO] [net.minecraft.server.network.ServerGamePacketListenerImpl/]: Dev lost connection: Disconnected
[02Nov2024 23:16:34.028] [Server thread/INFO] [net.minecraft.server.MinecraftServer/]: Dev left the game
[02Nov2024 23:16:34.033] [Server thread/INFO] [net.minecraft.server.network.ServerCommonPacketListenerImpl/]: Stopping singleplayer server as player logged out
[02Nov2024 23:16:34.077] [Server thread/INFO] [net.minecraft.server.MinecraftServer/]: Stopping server
[02Nov2024 23:16:34.077] [Server thread/INFO] [net.minecraft.server.MinecraftServer/]: Saving players
[02Nov2024 23:16:34.077] [Server thread/INFO] [net.minecraft.server.MinecraftServer/]: Saving worlds
[02Nov2024 23:16:34.687] [Server thread/INFO] [net.minecraft.server.MinecraftServer/]: Saving chunks for level 'ServerLevel[1.21.3]'/minecraft:overworld
[02Nov2024 23:16:34.703] [Server thread/INFO] [net.minecraft.server.MinecraftServer/]: Saving chunks for level 'ServerLevel[1.21.3]'/minecraft:the_nether
[02Nov2024 23:16:34.707] [Server thread/INFO] [net.minecraft.server.MinecraftServer/]: Saving chunks for level 'ServerLevel[1.21.3]'/minecraft:the_end
[02Nov2024 23:16:34.710] [Server thread/DEBUG] [net.neoforged.neoforge.common.CommonHooks/WP]: Gathered mod list to write to world save 1.21.3
[02Nov2024 23:16:34.713] [Server thread/INFO] [net.minecraft.server.MinecraftServer/]: ThreadedAnvilChunkStorage (1_21_3): All chunks are saved
[02Nov2024 23:16:34.713] [Server thread/INFO] [net.minecraft.server.MinecraftServer/]: ThreadedAnvilChunkStorage (DIM-1): All chunks are saved
[02Nov2024 23:16:34.713] [Server thread/INFO] [net.minecraft.server.MinecraftServer/]: ThreadedAnvilChunkStorage (DIM1): All chunks are saved
[02Nov2024 23:16:34.713] [Server thread/INFO] [net.minecraft.server.MinecraftServer/]: ThreadedAnvilChunkStorage: All dimensions are saved
[02Nov2024 23:16:34.744] [Server thread/DEBUG] [net.neoforged.fml.config.ConfigTracker/CONFIG]: Unloading configs type SERVER
